<?xml version="1.0" encoding="UTF-8"?>
<!-- Generated by org.testng.reporters.JUnitReportReporter -->
<testsuite skipped="0" hostname="LAPTOP-LAMCELTB" name="specbuilder.playlist_with_generic_methods" tests="3" failures="0" timestamp="2023-02-03T16:22:13 IST" time="5.230" errors="0">
  <testcase name="create_playlist_withpojo" time="4.314" classname="specbuilder.playlist_with_generic_methods"/>
  <system-out/>
  <testcase name="get_playlist_withpojo" time="0.539" classname="specbuilder.playlist_with_generic_methods"/>
  <system-out/>
  <testcase name="update_playlist_withpojo" time="0.377" classname="specbuilder.playlist_with_generic_methods"/>
  <system-out/>
</testsuite> <!-- specbuilder.playlist_with_generic_methods -->
