<?xml version="1.0" encoding="UTF-8"?>
<!-- Generated by org.testng.reporters.JUnitReportReporter -->
<testsuite hostname="LAPTOP-LAMCELTB" failures="0" tests="5" name="testing1.diferentmethods" time="3.758" errors="0" timestamp="2022-11-06T18:08:37 IST" skipped="4">
  <testcase classname="testing1.diferentmethods" name="validatetime" time="3.758"/>
  <system-out/>
  <testcase classname="testing1.diferentmethods" name="blacklistheader">
    <skipped/>
  </testcase> <!-- blacklistheader -->
  <system-out/>
  <testcase classname="testing1.diferentmethods" name="headers">
    <skipped/>
  </testcase> <!-- headers -->
  <system-out/>
  <testcase classname="testing1.diferentmethods" name="extractromparticularlocation">
    <skipped/>
  </testcase> <!-- extractromparticularlocation -->
  <system-out/>
  <testcase classname="testing1.diferentmethods" name="Extractresponse">
    <skipped/>
  </testcase> <!-- Extractresponse -->
  <system-out/>
</testsuite> <!-- testing1.diferentmethods -->
