<?xml version="1.0" encoding="UTF-8"?>
<!-- Generated by org.testng.reporters.JUnitReportReporter -->
<testsuite skipped="1" hostname="LAPTOP-LAMCELTB" name="testing2.practiceputmethod" tests="6" failures="0" timestamp="2023-02-06T12:17:58 IST" time="12.044" errors="0">
  <testcase name="delete" time="3.228" classname="testing2.practiceputmethod"/>
  <system-out/>
  <testcase name="post2" time="2.437" classname="testing2.practiceputmethod"/>
  <system-out/>
  <testcase name="put" time="3.009" classname="testing2.practiceputmethod"/>
  <system-out/>
  <testcase name="get" time="2.543" classname="testing2.practiceputmethod"/>
  <system-out/>
  <testcase name="beforeclass" time="0.827" classname="testing2.practiceputmethod"/>
  <system-out/>
  <testcase name="post1" classname="testing2.practiceputmethod">
    <skipped/>
  </testcase> <!-- post1 -->
  <system-out/>
</testsuite> <!-- testing2.practiceputmethod -->
