<?xml version="1.0" encoding="UTF-8"?>
<!-- Generated by org.testng.reporters.JUnitReportReporter -->
<testsuite hostname="LAPTOP-LAMCELTB" failures="0" tests="1" name="specbuilder.playlistrcreationwithspecbuilder" time="2.222" errors="0" timestamp="2022-12-22T12:53:12 IST" skipped="0">
  <testcase classname="specbuilder.playlistrcreationwithspecbuilder" name="create_playlist" time="2.222"/>
  <system-out/>
</testsuite> <!-- specbuilder.playlistrcreationwithspecbuilder -->
