<?xml version="1.0" encoding="UTF-8"?>
<!-- Generated by org.testng.reporters.JUnitReportReporter -->
<testsuite hostname="LAPTOP-LAMCELTB" failures="0" tests="2" name="testing1.pojo_concept2" time="7.066" errors="0" timestamp="2022-11-16T18:38:38 IST" skipped="0">
  <testcase classname="testing1.pojo_concept2" name="getters_settersTest" time="4.962"/>
  <system-out/>
  <testcase classname="testing1.pojo_concept2" name="getters_settersTest" time="2.104"/>
  <system-out/>
</testsuite> <!-- testing1.pojo_concept2 -->
