<?xml version="1.0" encoding="UTF-8"?>
<!-- Generated by org.testng.reporters.JUnitReportReporter -->
<testsuite hostname="LAPTOP-LAMCELTB" failures="0" tests="4" name="framework.spotify_api" time="1.088" errors="0" timestamp="2022-12-20T16:42:27 IST" skipped="3">
  <testcase classname="framework.spotify_api" name="get_playlist" time="1.088"/>
  <system-out/>
  <testcase classname="framework.spotify_api" name="create_playlist_without_name">
    <skipped/>
  </testcase> <!-- create_playlist_without_name -->
  <system-out/>
  <testcase classname="framework.spotify_api" name="update_playlist">
    <skipped/>
  </testcase> <!-- update_playlist -->
  <system-out/>
  <testcase classname="framework.spotify_api" name="create_playlist">
    <skipped/>
  </testcase> <!-- create_playlist -->
  <system-out/>
</testsuite> <!-- framework.spotify_api -->
