<?xml version="1.0" encoding="UTF-8"?>
<!-- Generated by org.testng.reporters.JUnitReportReporter -->
<testsuite hostname="LAPTOP-LAMCELTB" failures="0" tests="1" name="testing1.ResponseSpecification" time="2.604" errors="0" timestamp="2022-10-17T11:35:00 IST" skipped="0">
  <testcase classname="testing1.ResponseSpecification" name="response" time="2.604"/>
  <system-out/>
</testsuite> <!-- testing1.ResponseSpecification -->
