<?xml version="1.0" encoding="UTF-8"?>
<!-- Generated by org.testng.reporters.JUnitReportReporter -->
<testsuite hostname="LAPTOP-LAMCELTB" failures="0" tests="1" name="testing1.complexjsonarray2" time="2.801" errors="0" timestamp="2022-11-02T17:17:53 IST" skipped="0">
  <testcase classname="testing1.complexjsonarray2" name="comlexjson" time="2.801"/>
  <system-out/>
</testsuite> <!-- testing1.complexjsonarray2 -->
