<?xml version="1.0" encoding="UTF-8"?>
<!-- Generated by org.testng.reporters.JUnitReportReporter -->
<testsuite hostname="LAPTOP-LAMCELTB" failures="0" tests="1" name="testing1.Uploading_and_downloading_files" time="5.189" errors="0" timestamp="2022-11-08T18:26:42 IST" skipped="0">
  <testcase classname="testing1.Uploading_and_downloading_files" name="upload_files" time="5.189"/>
  <system-out/>
</testsuite> <!-- testing1.Uploading_and_downloading_files -->
