<?xml version="1.0" encoding="UTF-8"?>
<!-- Generated by org.testng.reporters.JUnitReportReporter -->
<testsuite hostname="LAPTOP-LAMCELTB" failures="0" tests="1" name="testing1.verycomplexjsonusingpojobyme" time="2.783" errors="0" timestamp="2022-11-23T11:20:22 IST" skipped="0">
  <testcase classname="testing1.verycomplexjsonusingpojobyme" name="complex_json" time="2.783"/>
  <system-out/>
</testsuite> <!-- testing1.verycomplexjsonusingpojobyme -->
