<?xml version="1.0" encoding="UTF-8"?>
<!-- Generated by org.testng.reporters.JUnitReportReporter -->
<testsuite hostname="LAPTOP-LAMCELTB" failures="0" tests="1" name="testing1.replacement_of_HashMap" time="2.813" errors="0" timestamp="2022-11-10T17:03:21 IST" skipped="0">
  <testcase classname="testing1.replacement_of_HashMap" name="object_node" time="2.813"/>
  <system-out/>
</testsuite> <!-- testing1.replacement_of_HashMap -->
