<?xml version="1.0" encoding="UTF-8"?>
<!-- Generated by org.testng.reporters.JUnitReportReporter -->
<testsuite hostname="LAPTOP-LAMCELTB" failures="0" tests="1" name="testing1.nonstatic" time="7.277" errors="0" timestamp="2022-11-15T12:36:37 IST" skipped="0">
  <testcase classname="testing1.nonstatic" name="simpletest" time="7.277"/>
  <system-out/>
</testsuite> <!-- testing1.nonstatic -->
