<?xml version="1.0" encoding="UTF-8"?>
<!-- Generated by org.testng.reporters.JUnitReportReporter -->
<testsuite skipped="1" hostname="LAPTOP-LAMCELTB" name="testing1.differentpostmethods" tests="2" failures="0" timestamp="2023-02-06T12:11:31 IST" time="4.014" errors="0">
  <testcase name="Map" time="4.014" classname="testing1.differentpostmethods"/>
  <system-out/>
  <testcase name="file" classname="testing1.differentpostmethods">
    <skipped/>
  </testcase> <!-- file -->
  <system-out/>
</testsuite> <!-- testing1.differentpostmethods -->
