<?xml version="1.0" encoding="UTF-8"?>
<!-- Generated by org.testng.reporters.JUnitReportReporter -->
<testsuite hostname="LAPTOP-LAMCELTB" failures="0" tests="1" name="testing1.verycomplexjsonpojobymam" time="3.285" errors="0" timestamp="2022-11-23T11:53:35 IST" skipped="0">
  <testcase classname="testing1.verycomplexjsonpojobymam" name="payload" time="3.285"/>
  <system-out/>
</testsuite> <!-- testing1.verycomplexjsonpojobymam -->
