<?xml version="1.0" encoding="UTF-8"?>
<!-- Generated by org.testng.reporters.JUnitReportReporter -->
<testsuite hostname="LAPTOP-LAMCELTB" failures="0" tests="1" name="testing1.jacksondatabinder" time="2.529" errors="0" timestamp="2022-11-13T11:58:27 IST" skipped="0">
  <testcase classname="testing1.jacksondatabinder" name="post_validation" time="2.529"/>
  <system-out/>
</testsuite> <!-- testing1.jacksondatabinder -->
