<?xml version="1.0" encoding="UTF-8"?>
<!-- Generated by org.testng.reporters.JUnitReportReporter -->
<testsuite hostname="LAPTOP-LAMCELTB" failures="0" tests="1" name="testing1.complexjsonarray" time="2.468" errors="0" timestamp="2022-11-09T17:16:35 IST" skipped="0">
  <testcase classname="testing1.complexjsonarray" name="complexjsonaaray" time="2.468"/>
  <system-out/>
</testsuite> <!-- testing1.complexjsonarray -->
