<?xml version="1.0" encoding="UTF-8"?>
<!-- Generated by org.testng.reporters.JUnitReportReporter -->
<testsuite hostname="LAPTOP-LAMCELTB" failures="0" tests="1" name="testing1.responsespecbuilder" time="2.654" errors="0" timestamp="2022-10-21T11:20:30 IST" skipped="0">
  <testcase classname="testing1.responsespecbuilder" name="response1" time="2.654"/>
  <system-out/>
</testsuite> <!-- testing1.responsespecbuilder -->
