<?xml version="1.0" encoding="UTF-8"?>
<!-- Generated by org.testng.reporters.JUnitReportReporter -->
<testsuite hostname="LAPTOP-LAMCELTB" failures="0" tests="4" name="testing2.animalapi" time="8.157" errors="0" timestamp="2022-11-16T08:48:09 IST" skipped="0">
  <testcase classname="testing2.animalapi" name="file_filter_success1" time="4.710"/>
  <system-out/>
  <testcase classname="testing2.animalapi" name="file_filter_fail1" time="0.711"/>
  <system-out/>
  <testcase classname="testing2.animalapi" name="file_filter_success2" time="1.539"/>
  <system-out/>
  <testcase classname="testing2.animalapi" name="file_filter_fail2" time="1.197"/>
  <system-out/>
</testsuite> <!-- testing2.animalapi -->
