<?xml version="1.0" encoding="UTF-8"?>
<!-- Generated by org.testng.reporters.JUnitReportReporter -->
<testsuite hostname="LAPTOP-LAMCELTB" failures="0" tests="1" name="testing1.Requestspecification" time="2.375" errors="0" timestamp="2022-10-26T16:30:20 IST" skipped="0">
  <testcase classname="testing1.Requestspecification" name="validatestatuscode" time="2.375"/>
  <system-out/>
</testsuite> <!-- testing1.Requestspecification -->
