<?xml version="1.0" encoding="UTF-8"?>
<!-- Generated by org.testng.reporters.JUnitReportReporter -->
<testsuite hostname="LAPTOP-LAMCELTB" failures="0" tests="1" name="testing.test1" time="0.502" errors="0" timestamp="2022-10-06T17:44:41 IST" skipped="0">
  <testcase classname="testing.test1" name="rest" time="0.502"/>
  <system-out/>
</testsuite> <!-- testing.test1 -->
