<?xml version="1.0" encoding="UTF-8"?>
<!-- Generated by org.testng.reporters.JUnitReportReporter -->
<testsuite hostname="LAPTOP-LAMCELTB" failures="0" tests="2" name="framework.negative_testcases" time="1.691" errors="1" timestamp="2022-12-16T23:19:53 IST" skipped="0">
  <testcase classname="framework.negative_testcases" name="withemptyplaylistname" time="1.273"/>
  <system-out/>
  <testcase classname="framework.negative_testcases" name="withexptoken" time="0.418">
    <error message="Unrecognized field &quot;collaborative&quot; (class pojoclasseswithexptoken.Root_error), not marked as ignorable (one known property: &quot;error&quot;])
 at [Source: (String)&quot;{
  &quot;collaborative&quot; : false,
  &quot;description&quot; : &quot;Hippo songs&quot;,
  &quot;external_urls&quot; : {
    &quot;spotify&quot; : &quot;https://open.spotify.com/playlist/1eL10aslgdiQCSnt7gtmf6&quot;
  },
  &quot;followers&quot; : {
    &quot;href&quot; : null,
    &quot;total&quot; : 0
  },
  &quot;href&quot; : &quot;https://api.spotify.com/v1/playlists/1eL10aslgdiQCSnt7gtmf6&quot;,
  &quot;id&quot; : &quot;1eL10aslgdiQCSnt7gtmf6&quot;,
  &quot;images&quot; : [ ],
  &quot;name&quot; : &quot;Hippo&quot;,
  &quot;owner&quot; : {
    &quot;display_name&quot; : &quot;Arnav&quot;,
    &quot;external_urls&quot; : {
      &quot;spotify&quot; : &quot;https://open.spotify.com/user/31v2gus2luj4tb&quot;[truncated 643 chars]; line: 2, column: 26] (through reference chain: pojoclasseswithexptoken.Root_error[&quot;collaborative&quot;])" type="com.fasterxml.jackson.databind.exc.UnrecognizedPropertyException">
      <![CDATA[com.fasterxml.jackson.databind.exc.UnrecognizedPropertyException: Unrecognized field "collaborative" (class pojoclasseswithexptoken.Root_error), not marked as ignorable (one known property: "error"])
 at [Source: (String)"{
  "collaborative" : false,
  "description" : "Hippo songs",
  "external_urls" : {
    "spotify" : "https://open.spotify.com/playlist/1eL10aslgdiQCSnt7gtmf6"
  },
  "followers" : {
    "href" : null,
    "total" : 0
  },
  "href" : "https://api.spotify.com/v1/playlists/1eL10aslgdiQCSnt7gtmf6",
  "id" : "1eL10aslgdiQCSnt7gtmf6",
  "images" : [ ],
  "name" : "Hippo",
  "owner" : {
    "display_name" : "Arnav",
    "external_urls" : {
      "spotify" : "https://open.spotify.com/user/31v2gus2luj4tb"[truncated 643 chars]; line: 2, column: 26] (through reference chain: pojoclasseswithexptoken.Root_error["collaborative"])
at com.fasterxml.jackson.databind.exc.UnrecognizedPropertyException.from(UnrecognizedPropertyException.java:61)
at com.fasterxml.jackson.databind.DeserializationContext.handleUnknownProperty(DeserializationContext.java:1127)
at com.fasterxml.jackson.databind.deser.std.StdDeserializer.handleUnknownProperty(StdDeserializer.java:2036)
at com.fasterxml.jackson.databind.deser.BeanDeserializerBase.handleUnknownProperty(BeanDeserializerBase.java:1700)
at com.fasterxml.jackson.databind.deser.BeanDeserializerBase.handleUnknownVanilla(BeanDeserializerBase.java:1678)
at com.fasterxml.jackson.databind.deser.BeanDeserializer.vanillaDeserialize(BeanDeserializer.java:320)
at com.fasterxml.jackson.databind.deser.BeanDeserializer.deserialize(BeanDeserializer.java:177)
at com.fasterxml.jackson.databind.deser.DefaultDeserializationContext.readRootValue(DefaultDeserializationContext.java:323)
at com.fasterxml.jackson.databind.ObjectMapper._readMapAndClose(ObjectMapper.java:4674)
at com.fasterxml.jackson.databind.ObjectMapper.readValue(ObjectMapper.java:3629)
at com.fasterxml.jackson.databind.ObjectMapper$readValue$1.call(Unknown Source)
at io.restassured.internal.path.json.mapping.JsonPathJackson2ObjectDeserializer.deserialize(JsonPathJackson2ObjectDeserializer.groovy:46)
at io.restassured.path.json.mapping.JsonPathObjectDeserializer$deserialize.call(Unknown Source)
at io.restassured.internal.mapping.Jackson2Mapper.deserialize(Jackson2Mapper.groovy:58)
at io.restassured.mapper.ObjectMapper$deserialize$0.call(Unknown Source)
at io.restassured.internal.mapping.ObjectMapping.parseWithJackson2(ObjectMapping.groovy:238)
at io.restassured.internal.mapping.ObjectMapping$parseWithJackson2$1.callStatic(Unknown Source)
at io.restassured.internal.mapping.ObjectMapping.deserialize(ObjectMapping.groovy:59)
at io.restassured.internal.mapping.ObjectMapping$deserialize$0.call(Unknown Source)
at io.restassured.internal.RestAssuredResponseOptionsGroovyImpl.as(RestAssuredResponseOptionsGroovyImpl.groovy:231)
at io.restassured.internal.RestAssuredResponseOptionsImpl.as(RestAssuredResponseOptionsImpl.java:169)
at framework.negative_testcases.withexptoken(negative_testcases.java:53)
at java.base/jdk.internal.reflect.NativeMethodAccessorImpl.invoke0(Native Method)
at java.base/jdk.internal.reflect.NativeMethodAccessorImpl.invoke(NativeMethodAccessorImpl.java:77)
at java.base/jdk.internal.reflect.DelegatingMethodAccessorImpl.invoke(DelegatingMethodAccessorImpl.java:43)
at java.base/java.lang.reflect.Method.invoke(Method.java:568)
at org.testng.internal.MethodInvocationHelper.invokeMethod(MethodInvocationHelper.java:133)
at org.testng.internal.TestInvoker.invokeMethod(TestInvoker.java:598)
at org.testng.internal.TestInvoker.invokeTestMethod(TestInvoker.java:173)
at org.testng.internal.MethodRunner.runInSequence(MethodRunner.java:46)
at org.testng.internal.TestInvoker$MethodInvocationAgent.invoke(TestInvoker.java:824)
at org.testng.internal.TestInvoker.invokeTestMethods(TestInvoker.java:146)
at org.testng.internal.TestMethodWorker.invokeTestMethods(TestMethodWorker.java:146)
at org.testng.internal.TestMethodWorker.run(TestMethodWorker.java:128)
at java.base/java.util.ArrayList.forEach(ArrayList.java:1511)
at org.testng.TestRunner.privateRun(TestRunner.java:794)
at org.testng.TestRunner.run(TestRunner.java:596)
at org.testng.SuiteRunner.runTest(SuiteRunner.java:377)
at org.testng.SuiteRunner.runSequentially(SuiteRunner.java:371)
at org.testng.SuiteRunner.privateRun(SuiteRunner.java:332)
at org.testng.SuiteRunner.run(SuiteRunner.java:276)
at org.testng.SuiteRunnerWorker.runSuite(SuiteRunnerWorker.java:53)
at org.testng.SuiteRunnerWorker.run(SuiteRunnerWorker.java:96)
at org.testng.TestNG.runSuitesSequentially(TestNG.java:1212)
at org.testng.TestNG.runSuitesLocally(TestNG.java:1134)
at org.testng.TestNG.runSuites(TestNG.java:1063)
at org.testng.TestNG.run(TestNG.java:1031)
at org.testng.remote.AbstractRemoteTestNG.run(AbstractRemoteTestNG.java:115)
at org.testng.remote.RemoteTestNG.initAndRun(RemoteTestNG.java:251)
at org.testng.remote.RemoteTestNG.main(RemoteTestNG.java:77)
]]>
    </error>
  </testcase> <!-- withexptoken -->
  <system-out/>
</testsuite> <!-- framework.negative_testcases -->
