<?xml version="1.0" encoding="UTF-8"?>
<!-- Generated by org.testng.reporters.JUnitReportReporter -->
<testsuite hostname="LAPTOP-LAMCELTB" failures="0" tests="2" name="framework.create_playlist_with_pojo_classes" time="1.329" errors="0" timestamp="2023-01-13T11:34:08 IST" skipped="1">
  <testcase classname="framework.create_playlist_with_pojo_classes" name="get_playlist_withpojo" time="1.329"/>
  <system-out/>
  <testcase classname="framework.create_playlist_with_pojo_classes" name="create_playlist_withpojo">
    <skipped/>
  </testcase> <!-- create_playlist_withpojo -->
  <system-out/>
</testsuite> <!-- framework.create_playlist_with_pojo_classes -->
