<?xml version="1.0" encoding="UTF-8"?>
<!-- Generated by org.testng.reporters.JUnitReportReporter -->
<testsuite hostname="LAPTOP-LAMCELTB" failures="0" tests="1" name="testing2.statics" time="3.868" errors="0" timestamp="2022-10-10T18:04:07 IST" skipped="0">
  <testcase classname="testing2.statics" name="f" time="3.868"/>
  <system-out/>
</testsuite> <!-- testing2.statics -->
