<?xml version="1.0" encoding="UTF-8"?>
<!-- Generated by org.testng.reporters.JUnitReportReporter -->
<testsuite hostname="LAPTOP-LAMCELTB" failures="0" tests="1" name="testing1.complexjsonarray1" time="2.903" errors="0" timestamp="2022-11-01T21:37:15 IST" skipped="0">
  <testcase classname="testing1.complexjsonarray1" name="complexjsonaaray" time="2.903"/>
  <system-out/>
</testsuite> <!-- testing1.complexjsonarray1 -->
