<?xml version="1.0" encoding="UTF-8"?>
<!-- Generated by org.testng.reporters.JUnitReportReporter -->
<testsuite hostname="LAPTOP-LAMCELTB" failures="0" tests="2" name="framework.withspecbuilder" time="2.332" errors="0" timestamp="2022-12-20T13:21:36 IST" skipped="0">
  <testcase classname="framework.withspecbuilder" name="update_playlist_withpojo" time="0.245"/>
  <system-out/>
  <testcase classname="framework.withspecbuilder" name="create_playlist_withpojo" time="2.087"/>
  <system-out/>
</testsuite> <!-- framework.withspecbuilder -->
