<?xml version="1.0" encoding="UTF-8"?>
<!-- Generated by org.testng.reporters.JUnitReportReporter -->
<testsuite hostname="LAPTOP-LAMCELTB" failures="0" tests="1" name="testing1.verycomplexjsonusingpojo" time="3.137" errors="0" timestamp="2022-11-18T17:49:54 IST" skipped="0">
  <testcase classname="testing1.verycomplexjsonusingpojo" name="complex_json" time="3.137"/>
  <system-out/>
</testsuite> <!-- testing1.verycomplexjsonusingpojo -->
