<?xml version="1.0" encoding="UTF-8"?>
<!-- Generated by org.testng.reporters.JUnitReportReporter -->
<testsuite hostname="LAPTOP-LAMCELTB" failures="0" tests="1" name="testing1.pojo_concept" time="3.294" errors="0" timestamp="2022-11-11T17:35:07 IST" skipped="0">
  <testcase classname="testing1.pojo_concept" name="getters_setters" time="3.294"/>
  <system-out/>
</testsuite> <!-- testing1.pojo_concept -->
