<?xml version="1.0" encoding="UTF-8"?>
<!-- Generated by org.testng.reporters.JUnitReportReporter -->
<testsuite hostname="LAPTOP-LAMCELTB" failures="0" tests="2" name="testing1.automatepostmethod" time="3.426" errors="0" timestamp="2022-11-13T17:38:58 IST" skipped="1">
  <testcase classname="testing1.automatepostmethod" name="postbdd" time="3.426"/>
  <system-out/>
  <testcase classname="testing1.automatepostmethod" name="postnonbdd">
    <skipped/>
  </testcase> <!-- postnonbdd -->
  <system-out/>
</testsuite> <!-- testing1.automatepostmethod -->
