<?xml version="1.0" encoding="UTF-8"?>
<!-- Generated by org.testng.reporters.JUnitReportReporter -->
<testsuite hostname="LAPTOP-LAMCELTB" failures="0" tests="3" name="testing1.Filters" time="28.533" errors="0" timestamp="2022-11-15T12:36:36 IST" skipped="2">
  <testcase classname="testing1.Filters" name="specific_filter" time="28.533"/>
  <system-out/>
  <testcase classname="testing1.Filters" name="file_filter">
    <skipped/>
  </testcase> <!-- file_filter -->
  <system-out/>
  <testcase classname="testing1.Filters" name="filter">
    <skipped/>
  </testcase> <!-- filter -->
  <system-out/>
</testsuite> <!-- testing1.Filters -->
