<?xml version="1.0" encoding="UTF-8"?>
<!-- Generated by org.testng.reporters.JUnitReportReporter -->
<testsuite skipped="2" hostname="LAPTOP-LAMCELTB" name="testing1.PathandQueryparameters" tests="3" failures="0" timestamp="2023-02-03T16:20:35 IST" time="1.509" errors="0">
  <testcase name="path_parameter" time="1.509" classname="testing1.PathandQueryparameters"/>
  <system-out/>
  <testcase name="multiple_query_param" classname="testing1.PathandQueryparameters">
    <skipped/>
  </testcase> <!-- multiple_query_param -->
  <system-out/>
  <testcase name="queryparameter" classname="testing1.PathandQueryparameters">
    <skipped/>
  </testcase> <!-- queryparameter -->
  <system-out/>
</testsuite> <!-- testing1.PathandQueryparameters -->
